C:\USERS\MICHAEL\DOCUMENTS\GITHUB\RWM_14_P0_C\GROUPC_P0\SDLAGAIN\DEBUG\B2JOINT.OBJ
C:\USERS\MICHAEL\DOCUMENTS\GITHUB\RWM_14_P0_C\GROUPC_P0\SDLAGAIN\DEBUG\B2MATH.OBJ
C:\USERS\MICHAEL\DOCUMENTS\GITHUB\RWM_14_P0_C\GROUPC_P0\SDLAGAIN\DEBUG\B2MOTORJOINT.OBJ
C:\USERS\MICHAEL\DOCUMENTS\GITHUB\RWM_14_P0_C\GROUPC_P0\SDLAGAIN\DEBUG\B2MOUSEJOINT.OBJ
C:\USERS\MICHAEL\DOCUMENTS\GITHUB\RWM_14_P0_C\GROUPC_P0\SDLAGAIN\DEBUG\B2POLYGONANDCIRCLECONTACT.OBJ
C:\USERS\MICHAEL\DOCUMENTS\GITHUB\RWM_14_P0_C\GROUPC_P0\SDLAGAIN\DEBUG\B2POLYGONCONTACT.OBJ
C:\USERS\MICHAEL\DOCUMENTS\GITHUB\RWM_14_P0_C\GROUPC_P0\SDLAGAIN\DEBUG\B2POLYGONSHAPE.OBJ
C:\USERS\MICHAEL\DOCUMENTS\GITHUB\RWM_14_P0_C\GROUPC_P0\SDLAGAIN\DEBUG\B2PRISMATICJOINT.OBJ
C:\USERS\MICHAEL\DOCUMENTS\GITHUB\RWM_14_P0_C\GROUPC_P0\SDLAGAIN\DEBUG\B2PULLEYJOINT.OBJ
C:\USERS\MICHAEL\DOCUMENTS\GITHUB\RWM_14_P0_C\GROUPC_P0\SDLAGAIN\DEBUG\B2REVOLUTEJOINT.OBJ
C:\USERS\MICHAEL\DOCUMENTS\GITHUB\RWM_14_P0_C\GROUPC_P0\SDLAGAIN\DEBUG\B2ROPE.OBJ
C:\USERS\MICHAEL\DOCUMENTS\GITHUB\RWM_14_P0_C\GROUPC_P0\SDLAGAIN\DEBUG\B2ROPEJOINT.OBJ
C:\USERS\MICHAEL\DOCUMENTS\GITHUB\RWM_14_P0_C\GROUPC_P0\SDLAGAIN\DEBUG\B2SETTINGS.OBJ
C:\USERS\MICHAEL\DOCUMENTS\GITHUB\RWM_14_P0_C\GROUPC_P0\SDLAGAIN\DEBUG\B2STACKALLOCATOR.OBJ
C:\USERS\MICHAEL\DOCUMENTS\GITHUB\RWM_14_P0_C\GROUPC_P0\SDLAGAIN\DEBUG\B2TIMEOFIMPACT.OBJ
C:\USERS\MICHAEL\DOCUMENTS\GITHUB\RWM_14_P0_C\GROUPC_P0\SDLAGAIN\DEBUG\B2TIMER.OBJ
C:\USERS\MICHAEL\DOCUMENTS\GITHUB\RWM_14_P0_C\GROUPC_P0\SDLAGAIN\DEBUG\B2WELDJOINT.OBJ
C:\USERS\MICHAEL\DOCUMENTS\GITHUB\RWM_14_P0_C\GROUPC_P0\SDLAGAIN\DEBUG\B2WHEELJOINT.OBJ
C:\USERS\MICHAEL\DOCUMENTS\GITHUB\RWM_14_P0_C\GROUPC_P0\SDLAGAIN\DEBUG\B2WORLD.OBJ
C:\USERS\MICHAEL\DOCUMENTS\GITHUB\RWM_14_P0_C\GROUPC_P0\SDLAGAIN\DEBUG\B2WORLDCALLBACKS.OBJ
C:\USERS\MICHAEL\DOCUMENTS\GITHUB\RWM_14_P0_C\GROUPC_P0\SDLAGAIN\DEBUG\B2CIRCLECONTACT.OBJ
C:\USERS\MICHAEL\DOCUMENTS\GITHUB\RWM_14_P0_C\GROUPC_P0\SDLAGAIN\DEBUG\B2CIRCLESHAPE.OBJ
C:\USERS\MICHAEL\DOCUMENTS\GITHUB\RWM_14_P0_C\GROUPC_P0\SDLAGAIN\DEBUG\B2COLLIDECIRCLE.OBJ
C:\USERS\MICHAEL\DOCUMENTS\GITHUB\RWM_14_P0_C\GROUPC_P0\SDLAGAIN\DEBUG\B2COLLIDEEDGE.OBJ
C:\USERS\MICHAEL\DOCUMENTS\GITHUB\RWM_14_P0_C\GROUPC_P0\SDLAGAIN\DEBUG\B2COLLIDEPOLYGON.OBJ
C:\USERS\MICHAEL\DOCUMENTS\GITHUB\RWM_14_P0_C\GROUPC_P0\SDLAGAIN\DEBUG\B2COLLISION.OBJ
C:\USERS\MICHAEL\DOCUMENTS\GITHUB\RWM_14_P0_C\GROUPC_P0\SDLAGAIN\DEBUG\B2CONTACT.OBJ
C:\USERS\MICHAEL\DOCUMENTS\GITHUB\RWM_14_P0_C\GROUPC_P0\SDLAGAIN\DEBUG\B2CONTACTMANAGER.OBJ
C:\USERS\MICHAEL\DOCUMENTS\GITHUB\RWM_14_P0_C\GROUPC_P0\SDLAGAIN\DEBUG\B2CONTACTSOLVER.OBJ
C:\USERS\MICHAEL\DOCUMENTS\GITHUB\RWM_14_P0_C\GROUPC_P0\SDLAGAIN\DEBUG\B2DISTANCE.OBJ
C:\USERS\MICHAEL\DOCUMENTS\GITHUB\RWM_14_P0_C\GROUPC_P0\SDLAGAIN\DEBUG\B2DISTANCEJOINT.OBJ
C:\USERS\MICHAEL\DOCUMENTS\GITHUB\RWM_14_P0_C\GROUPC_P0\SDLAGAIN\DEBUG\B2DRAW.OBJ
C:\USERS\MICHAEL\DOCUMENTS\GITHUB\RWM_14_P0_C\GROUPC_P0\SDLAGAIN\DEBUG\B2DYNAMICTREE.OBJ
C:\USERS\MICHAEL\DOCUMENTS\GITHUB\RWM_14_P0_C\GROUPC_P0\SDLAGAIN\DEBUG\B2EDGEANDCIRCLECONTACT.OBJ
C:\USERS\MICHAEL\DOCUMENTS\GITHUB\RWM_14_P0_C\GROUPC_P0\SDLAGAIN\DEBUG\B2EDGEANDPOLYGONCONTACT.OBJ
C:\USERS\MICHAEL\DOCUMENTS\GITHUB\RWM_14_P0_C\GROUPC_P0\SDLAGAIN\DEBUG\B2EDGESHAPE.OBJ
C:\USERS\MICHAEL\DOCUMENTS\GITHUB\RWM_14_P0_C\GROUPC_P0\SDLAGAIN\DEBUG\B2FIXTURE.OBJ
C:\USERS\MICHAEL\DOCUMENTS\GITHUB\RWM_14_P0_C\GROUPC_P0\SDLAGAIN\DEBUG\B2FRICTIONJOINT.OBJ
C:\USERS\MICHAEL\DOCUMENTS\GITHUB\RWM_14_P0_C\GROUPC_P0\SDLAGAIN\DEBUG\B2GEARJOINT.OBJ
C:\USERS\MICHAEL\DOCUMENTS\GITHUB\RWM_14_P0_C\GROUPC_P0\SDLAGAIN\DEBUG\B2ISLAND.OBJ
C:\USERS\MICHAEL\DOCUMENTS\GITHUB\RWM_14_P0_C\GROUPC_P0\SDLAGAIN\DEBUG\B2BLOCKALLOCATOR.OBJ
C:\USERS\MICHAEL\DOCUMENTS\GITHUB\RWM_14_P0_C\GROUPC_P0\SDLAGAIN\DEBUG\B2BODY.OBJ
C:\USERS\MICHAEL\DOCUMENTS\GITHUB\RWM_14_P0_C\GROUPC_P0\SDLAGAIN\DEBUG\B2BROADPHASE.OBJ
C:\USERS\MICHAEL\DOCUMENTS\GITHUB\RWM_14_P0_C\GROUPC_P0\SDLAGAIN\DEBUG\B2CHAINANDCIRCLECONTACT.OBJ
C:\USERS\MICHAEL\DOCUMENTS\GITHUB\RWM_14_P0_C\GROUPC_P0\SDLAGAIN\DEBUG\B2CHAINANDPOLYGONCONTACT.OBJ
C:\USERS\MICHAEL\DOCUMENTS\GITHUB\RWM_14_P0_C\GROUPC_P0\SDLAGAIN\DEBUG\B2CHAINSHAPE.OBJ
C:\USERS\MICHAEL\DOCUMENTS\GITHUB\RWM_14_P0_C\GROUPC_P0\SDLAGAIN\DEBUG\VC110.PDB
C:\USERS\MICHAEL\DOCUMENTS\GITHUB\RWM_14_P0_C\GROUPC_P0\SDLAGAIN\DEBUG\01_HELLO_SDL.OBJ
C:\USERS\MICHAEL\DOCUMENTS\GITHUB\RWM_14_P0_C\GROUPC_P0\SDLAGAIN\DEBUG\CANNON.OBJ
C:\USERS\MICHAEL\DOCUMENTS\GITHUB\RWM_14_P0_C\GROUPC_P0\DEBUG\SDLAGAIN.ILK
C:\USERS\MICHAEL\DOCUMENTS\GITHUB\RWM_14_P0_C\GROUPC_P0\DEBUG\SDLAGAIN.EXE
C:\USERS\MICHAEL\DOCUMENTS\GITHUB\RWM_14_P0_C\GROUPC_P0\DEBUG\SDLAGAIN.PDB
C:\Users\Michael\Documents\GitHub\RWM_14_P0_C\GroupC_P0\SDLAgain\Debug\01_hello_SDL.obj
C:\Users\Michael\Documents\GitHub\RWM_14_P0_C\GroupC_P0\SDLAgain\Debug\b2BlockAllocator.obj
C:\Users\Michael\Documents\GitHub\RWM_14_P0_C\GroupC_P0\SDLAgain\Debug\b2Body.obj
C:\Users\Michael\Documents\GitHub\RWM_14_P0_C\GroupC_P0\SDLAgain\Debug\b2BroadPhase.obj
C:\Users\Michael\Documents\GitHub\RWM_14_P0_C\GroupC_P0\SDLAgain\Debug\b2ChainAndCircleContact.obj
C:\Users\Michael\Documents\GitHub\RWM_14_P0_C\GroupC_P0\SDLAgain\Debug\b2ChainAndPolygonContact.obj
C:\Users\Michael\Documents\GitHub\RWM_14_P0_C\GroupC_P0\SDLAgain\Debug\b2ChainShape.obj
C:\Users\Michael\Documents\GitHub\RWM_14_P0_C\GroupC_P0\SDLAgain\Debug\b2CircleContact.obj
C:\Users\Michael\Documents\GitHub\RWM_14_P0_C\GroupC_P0\SDLAgain\Debug\b2CircleShape.obj
C:\Users\Michael\Documents\GitHub\RWM_14_P0_C\GroupC_P0\SDLAgain\Debug\b2CollideCircle.obj
C:\Users\Michael\Documents\GitHub\RWM_14_P0_C\GroupC_P0\SDLAgain\Debug\b2CollideEdge.obj
C:\Users\Michael\Documents\GitHub\RWM_14_P0_C\GroupC_P0\SDLAgain\Debug\b2CollidePolygon.obj
C:\Users\Michael\Documents\GitHub\RWM_14_P0_C\GroupC_P0\SDLAgain\Debug\b2Collision.obj
C:\Users\Michael\Documents\GitHub\RWM_14_P0_C\GroupC_P0\SDLAgain\Debug\b2Contact.obj
C:\Users\Michael\Documents\GitHub\RWM_14_P0_C\GroupC_P0\SDLAgain\Debug\b2ContactManager.obj
C:\Users\Michael\Documents\GitHub\RWM_14_P0_C\GroupC_P0\SDLAgain\Debug\b2ContactSolver.obj
C:\Users\Michael\Documents\GitHub\RWM_14_P0_C\GroupC_P0\SDLAgain\Debug\b2Distance.obj
C:\Users\Michael\Documents\GitHub\RWM_14_P0_C\GroupC_P0\SDLAgain\Debug\b2DistanceJoint.obj
C:\Users\Michael\Documents\GitHub\RWM_14_P0_C\GroupC_P0\SDLAgain\Debug\b2Draw.obj
C:\Users\Michael\Documents\GitHub\RWM_14_P0_C\GroupC_P0\SDLAgain\Debug\b2DynamicTree.obj
C:\Users\Michael\Documents\GitHub\RWM_14_P0_C\GroupC_P0\SDLAgain\Debug\b2EdgeAndCircleContact.obj
C:\Users\Michael\Documents\GitHub\RWM_14_P0_C\GroupC_P0\SDLAgain\Debug\b2EdgeAndPolygonContact.obj
C:\Users\Michael\Documents\GitHub\RWM_14_P0_C\GroupC_P0\SDLAgain\Debug\b2EdgeShape.obj
C:\Users\Michael\Documents\GitHub\RWM_14_P0_C\GroupC_P0\SDLAgain\Debug\b2Fixture.obj
C:\Users\Michael\Documents\GitHub\RWM_14_P0_C\GroupC_P0\SDLAgain\Debug\b2FrictionJoint.obj
C:\Users\Michael\Documents\GitHub\RWM_14_P0_C\GroupC_P0\SDLAgain\Debug\b2GearJoint.obj
C:\Users\Michael\Documents\GitHub\RWM_14_P0_C\GroupC_P0\SDLAgain\Debug\b2Island.obj
C:\Users\Michael\Documents\GitHub\RWM_14_P0_C\GroupC_P0\SDLAgain\Debug\b2Joint.obj
C:\Users\Michael\Documents\GitHub\RWM_14_P0_C\GroupC_P0\SDLAgain\Debug\b2Math.obj
C:\Users\Michael\Documents\GitHub\RWM_14_P0_C\GroupC_P0\SDLAgain\Debug\b2MotorJoint.obj
C:\Users\Michael\Documents\GitHub\RWM_14_P0_C\GroupC_P0\SDLAgain\Debug\b2MouseJoint.obj
C:\Users\Michael\Documents\GitHub\RWM_14_P0_C\GroupC_P0\SDLAgain\Debug\b2PolygonAndCircleContact.obj
C:\Users\Michael\Documents\GitHub\RWM_14_P0_C\GroupC_P0\SDLAgain\Debug\b2PolygonContact.obj
C:\Users\Michael\Documents\GitHub\RWM_14_P0_C\GroupC_P0\SDLAgain\Debug\b2PolygonShape.obj
C:\Users\Michael\Documents\GitHub\RWM_14_P0_C\GroupC_P0\SDLAgain\Debug\b2PrismaticJoint.obj
C:\Users\Michael\Documents\GitHub\RWM_14_P0_C\GroupC_P0\SDLAgain\Debug\b2PulleyJoint.obj
C:\Users\Michael\Documents\GitHub\RWM_14_P0_C\GroupC_P0\SDLAgain\Debug\b2RevoluteJoint.obj
C:\Users\Michael\Documents\GitHub\RWM_14_P0_C\GroupC_P0\SDLAgain\Debug\b2Rope.obj
C:\Users\Michael\Documents\GitHub\RWM_14_P0_C\GroupC_P0\SDLAgain\Debug\b2RopeJoint.obj
C:\Users\Michael\Documents\GitHub\RWM_14_P0_C\GroupC_P0\SDLAgain\Debug\b2Settings.obj
C:\Users\Michael\Documents\GitHub\RWM_14_P0_C\GroupC_P0\SDLAgain\Debug\b2StackAllocator.obj
C:\Users\Michael\Documents\GitHub\RWM_14_P0_C\GroupC_P0\SDLAgain\Debug\b2TimeOfImpact.obj
C:\Users\Michael\Documents\GitHub\RWM_14_P0_C\GroupC_P0\SDLAgain\Debug\b2Timer.obj
C:\Users\Michael\Documents\GitHub\RWM_14_P0_C\GroupC_P0\SDLAgain\Debug\b2WeldJoint.obj
C:\Users\Michael\Documents\GitHub\RWM_14_P0_C\GroupC_P0\SDLAgain\Debug\b2WheelJoint.obj
C:\Users\Michael\Documents\GitHub\RWM_14_P0_C\GroupC_P0\SDLAgain\Debug\b2World.obj
C:\Users\Michael\Documents\GitHub\RWM_14_P0_C\GroupC_P0\SDLAgain\Debug\b2WorldCallbacks.obj
C:\Users\Michael\Documents\GitHub\RWM_14_P0_C\GroupC_P0\SDLAgain\Debug\Cannon.obj
C:\Users\Michael\Documents\GitHub\RWM_14_P0_C\GroupC_P0\SDLAgain\Debug\cl.command.1.tlog
C:\Users\Michael\Documents\GitHub\RWM_14_P0_C\GroupC_P0\SDLAgain\Debug\CL.read.1.tlog
C:\Users\Michael\Documents\GitHub\RWM_14_P0_C\GroupC_P0\SDLAgain\Debug\CL.write.1.tlog
C:\Users\Michael\Documents\GitHub\RWM_14_P0_C\GroupC_P0\SDLAgain\Debug\link-cvtres.read.1.tlog
C:\Users\Michael\Documents\GitHub\RWM_14_P0_C\GroupC_P0\SDLAgain\Debug\link-cvtres.write.1.tlog
C:\Users\Michael\Documents\GitHub\RWM_14_P0_C\GroupC_P0\SDLAgain\Debug\link-rc.read.1.tlog
C:\Users\Michael\Documents\GitHub\RWM_14_P0_C\GroupC_P0\SDLAgain\Debug\link-rc.write.1.tlog
C:\Users\Michael\Documents\GitHub\RWM_14_P0_C\GroupC_P0\SDLAgain\Debug\link.3684-cvtres.read.1.tlog
C:\Users\Michael\Documents\GitHub\RWM_14_P0_C\GroupC_P0\SDLAgain\Debug\link.3684-cvtres.write.1.tlog
C:\Users\Michael\Documents\GitHub\RWM_14_P0_C\GroupC_P0\SDLAgain\Debug\link.3684-rc.read.1.tlog
C:\Users\Michael\Documents\GitHub\RWM_14_P0_C\GroupC_P0\SDLAgain\Debug\link.3684-rc.write.1.tlog
C:\Users\Michael\Documents\GitHub\RWM_14_P0_C\GroupC_P0\SDLAgain\Debug\link.3684.read.1.tlog
C:\Users\Michael\Documents\GitHub\RWM_14_P0_C\GroupC_P0\SDLAgain\Debug\link.3684.write.1.tlog
C:\Users\Michael\Documents\GitHub\RWM_14_P0_C\GroupC_P0\SDLAgain\Debug\link.4176-cvtres.read.1.tlog
C:\Users\Michael\Documents\GitHub\RWM_14_P0_C\GroupC_P0\SDLAgain\Debug\link.4176-cvtres.write.1.tlog
C:\Users\Michael\Documents\GitHub\RWM_14_P0_C\GroupC_P0\SDLAgain\Debug\link.4176-rc.read.1.tlog
C:\Users\Michael\Documents\GitHub\RWM_14_P0_C\GroupC_P0\SDLAgain\Debug\link.4176-rc.write.1.tlog
C:\Users\Michael\Documents\GitHub\RWM_14_P0_C\GroupC_P0\SDLAgain\Debug\link.4176.read.1.tlog
C:\Users\Michael\Documents\GitHub\RWM_14_P0_C\GroupC_P0\SDLAgain\Debug\link.4176.write.1.tlog
C:\Users\Michael\Documents\GitHub\RWM_14_P0_C\GroupC_P0\SDLAgain\Debug\link.4892-cvtres.read.1.tlog
C:\Users\Michael\Documents\GitHub\RWM_14_P0_C\GroupC_P0\SDLAgain\Debug\link.4892-cvtres.write.1.tlog
C:\Users\Michael\Documents\GitHub\RWM_14_P0_C\GroupC_P0\SDLAgain\Debug\link.4892-rc.read.1.tlog
C:\Users\Michael\Documents\GitHub\RWM_14_P0_C\GroupC_P0\SDLAgain\Debug\link.4892-rc.write.1.tlog
C:\Users\Michael\Documents\GitHub\RWM_14_P0_C\GroupC_P0\SDLAgain\Debug\link.4892.read.1.tlog
C:\Users\Michael\Documents\GitHub\RWM_14_P0_C\GroupC_P0\SDLAgain\Debug\link.4892.write.1.tlog
C:\Users\Michael\Documents\GitHub\RWM_14_P0_C\GroupC_P0\SDLAgain\Debug\link.6708-cvtres.read.1.tlog
C:\Users\Michael\Documents\GitHub\RWM_14_P0_C\GroupC_P0\SDLAgain\Debug\link.6708-cvtres.write.1.tlog
C:\Users\Michael\Documents\GitHub\RWM_14_P0_C\GroupC_P0\SDLAgain\Debug\link.6708-rc.read.1.tlog
C:\Users\Michael\Documents\GitHub\RWM_14_P0_C\GroupC_P0\SDLAgain\Debug\link.6708-rc.write.1.tlog
C:\Users\Michael\Documents\GitHub\RWM_14_P0_C\GroupC_P0\SDLAgain\Debug\link.6708.read.1.tlog
C:\Users\Michael\Documents\GitHub\RWM_14_P0_C\GroupC_P0\SDLAgain\Debug\link.6708.write.1.tlog
C:\Users\Michael\Documents\GitHub\RWM_14_P0_C\GroupC_P0\SDLAgain\Debug\link.command.1.tlog
C:\Users\Michael\Documents\GitHub\RWM_14_P0_C\GroupC_P0\SDLAgain\Debug\link.read.1.tlog
C:\Users\Michael\Documents\GitHub\RWM_14_P0_C\GroupC_P0\SDLAgain\Debug\link.write.1.tlog
C:\Users\Michael\Documents\GitHub\RWM_14_P0_C\GroupC_P0\SDLAgain\Debug\vc110.idb
C:\Users\Michael\Documents\GitHub\RWM_14_P0_C\GroupC_P0\SDLAgain\Debug\vc110.pdb
C:\Users\Michael\Documents\GitHub\RWM_14_P0_C\GroupC_P0\Debug\SDLAgain.pdb
C:\Users\Michael\Documents\GitHub\RWM_14_P0_C\GroupC_P0\Debug\SDLAgain.exe
C:\Users\Michael\Documents\GitHub\RWM_14_P0_C\GroupC_P0\Debug\SDLAgain.ilk
