Build started 01/10/2014 14:59:06.
     1>Project "C:\Users\Michael\Documents\GitHub\Surface-Manipulation-Use\GroupC_P0\SDLAgain\SDLAgain.vcxproj" on node 2 (Build target(s)).
     1>ClCompile:
         C:\Program Files (x86)\Microsoft Visual Studio 11.0\VC\bin\CL.exe /c /ZI /nologo /W3 /WX- /sdl /Od /Oy- /D _MBCS /Gm /EHsc /RTC1 /MDd /GS /fp:precise /Zc:wchar_t /Zc:forScope /Fo"Debug\\" /Fd"Debug\vc110.pdb" /Gd /TP /analyze- /errorReport:prompt 01_hello_SDL.cpp b2BlockAllocator.cpp b2Body.cpp b2BroadPhase.cpp b2ChainAndCircleContact.cpp b2ChainAndPolygonContact.cpp b2ChainShape.cpp b2CircleContact.cpp b2CircleShape.cpp b2CollideCircle.cpp b2CollideEdge.cpp b2CollidePolygon.cpp b2Collision.cpp b2Contact.cpp b2ContactManager.cpp b2ContactSolver.cpp b2Distance.cpp b2DistanceJoint.cpp b2Draw.cpp b2DynamicTree.cpp b2EdgeAndCircleContact.cpp b2EdgeAndPolygonContact.cpp b2EdgeShape.cpp b2Fixture.cpp b2FrictionJoint.cpp b2GearJoint.cpp b2Island.cpp b2Joint.cpp b2Math.cpp b2MotorJoint.cpp b2MouseJoint.cpp b2PolygonAndCircleContact.cpp b2PolygonContact.cpp b2PolygonShape.cpp b2PrismaticJoint.cpp b2PulleyJoint.cpp b2RevoluteJoint.cpp b2Rope.cpp b2RopeJoint.cpp b2Settings.cpp b2StackAllocator.cpp b2TimeOfImpact.cpp b2Timer.cpp b2WeldJoint.cpp b2WheelJoint.cpp b2World.cpp b2WorldCallbacks.cpp Cannon.cpp
         Cannon.cpp
     1>c:\users\michael\documents\github\surface-manipulation-use\groupc_p0\sdlagain\cannon.cpp(56): warning C4305: '-=' : truncation from 'double' to 'float'
     1>c:\users\michael\documents\github\surface-manipulation-use\groupc_p0\sdlagain\cannon.cpp(59): warning C4305: '+=' : truncation from 'double' to 'float'
         b2WorldCallbacks.cpp
         b2World.cpp
         b2WheelJoint.cpp
         b2WeldJoint.cpp
         b2Timer.cpp
         b2TimeOfImpact.cpp
         b2StackAllocator.cpp
         b2Settings.cpp
         b2RopeJoint.cpp
         b2Rope.cpp
         b2RevoluteJoint.cpp
         b2PulleyJoint.cpp
         b2PrismaticJoint.cpp
         b2PolygonShape.cpp
         b2PolygonContact.cpp
         b2PolygonAndCircleContact.cpp
         b2MouseJoint.cpp
         b2MotorJoint.cpp
         b2Math.cpp
         Generating Code...
         Compiling...
         b2Joint.cpp
         b2Island.cpp
         b2GearJoint.cpp
         b2FrictionJoint.cpp
         b2Fixture.cpp
         b2EdgeShape.cpp
         b2EdgeAndPolygonContact.cpp
         b2EdgeAndCircleContact.cpp
         b2DynamicTree.cpp
         b2Draw.cpp
         b2DistanceJoint.cpp
         b2Distance.cpp
         b2ContactSolver.cpp
         b2ContactManager.cpp
         b2Contact.cpp
         b2Collision.cpp
         b2CollidePolygon.cpp
         b2CollideEdge.cpp
         b2CollideCircle.cpp
         b2CircleShape.cpp
         Generating Code...
         Compiling...
         b2CircleContact.cpp
         b2ChainShape.cpp
         b2ChainAndPolygonContact.cpp
         b2ChainAndCircleContact.cpp
         b2BroadPhase.cpp
         b2Body.cpp
         b2BlockAllocator.cpp
         01_hello_SDL.cpp
         Generating Code...
       Link:
         C:\Program Files (x86)\Microsoft Visual Studio 11.0\VC\bin\link.exe /ERRORREPORT:PROMPT /OUT:"C:\Users\Michael\Documents\GitHub\Surface-Manipulation-Use\GroupC_P0\Debug\SDLAgain.exe" /INCREMENTAL /NOLOGO kernel32.lib user32.lib gdi32.lib winspool.lib comdlg32.lib advapi32.lib shell32.lib ole32.lib oleaut32.lib uuid.lib odbc32.lib odbccp32.lib SDL2.lib SDL2main.lib kernel32.lib user32.lib gdi32.lib winspool.lib comdlg32.lib advapi32.lib shell32.lib ole32.lib oleaut32.lib uuid.lib odbc32.lib odbccp32.lib /MANIFEST /MANIFESTUAC:"level='asInvoker' uiAccess='false'" /manifest:embed /DEBUG /PDB:"C:\Users\Michael\Documents\GitHub\Surface-Manipulation-Use\GroupC_P0\Debug\SDLAgain.pdb" /SUBSYSTEM:WINDOWS /TLBID:1 /DYNAMICBASE /NXCOMPAT /IMPLIB:"C:\Users\Michael\Documents\GitHub\Surface-Manipulation-Use\GroupC_P0\Debug\SDLAgain.lib" /MACHINE:X86 Debug\01_hello_SDL.obj
         Debug\b2BlockAllocator.obj
         Debug\b2Body.obj
         Debug\b2BroadPhase.obj
         Debug\b2ChainAndCircleContact.obj
         Debug\b2ChainAndPolygonContact.obj
         Debug\b2ChainShape.obj
         Debug\b2CircleContact.obj
         Debug\b2CircleShape.obj
         Debug\b2CollideCircle.obj
         Debug\b2CollideEdge.obj
         Debug\b2CollidePolygon.obj
         Debug\b2Collision.obj
         Debug\b2Contact.obj
         Debug\b2ContactManager.obj
         Debug\b2ContactSolver.obj
         Debug\b2Distance.obj
         Debug\b2DistanceJoint.obj
         Debug\b2Draw.obj
         Debug\b2DynamicTree.obj
         Debug\b2EdgeAndCircleContact.obj
         Debug\b2EdgeAndPolygonContact.obj
         Debug\b2EdgeShape.obj
         Debug\b2Fixture.obj
         Debug\b2FrictionJoint.obj
         Debug\b2GearJoint.obj
         Debug\b2Island.obj
         Debug\b2Joint.obj
         Debug\b2Math.obj
         Debug\b2MotorJoint.obj
         Debug\b2MouseJoint.obj
         Debug\b2PolygonAndCircleContact.obj
         Debug\b2PolygonContact.obj
         Debug\b2PolygonShape.obj
         Debug\b2PrismaticJoint.obj
         Debug\b2PulleyJoint.obj
         Debug\b2RevoluteJoint.obj
         Debug\b2Rope.obj
         Debug\b2RopeJoint.obj
         Debug\b2Settings.obj
         Debug\b2StackAllocator.obj
         Debug\b2TimeOfImpact.obj
         Debug\b2Timer.obj
         Debug\b2WeldJoint.obj
         Debug\b2WheelJoint.obj
         Debug\b2World.obj
         Debug\b2WorldCallbacks.obj
         Debug\Cannon.obj
     1>MSVCRTD.lib(cinitexe.obj) : warning LNK4098: defaultlib 'msvcrt.lib' conflicts with use of other libs; use /NODEFAULTLIB:library
         SDLAgain.vcxproj -> C:\Users\Michael\Documents\GitHub\Surface-Manipulation-Use\GroupC_P0\Debug\SDLAgain.exe
     1>Done Building Project "C:\Users\Michael\Documents\GitHub\Surface-Manipulation-Use\GroupC_P0\SDLAgain\SDLAgain.vcxproj" (Build target(s)).

Build succeeded.

Time Elapsed 00:00:09.28
